0 info it worked if it ends with ok
1 verbose cli [ '/usr/bin/node',
1 verbose cli   '/usr/bin/npm',
1 verbose cli   'install',
1 verbose cli   'browserifify',
1 verbose cli   '--save-dev' ]
2 info using npm@1.4.28
3 info using node@v0.10.37
4 verbose node symlink /usr/bin/node
5 warn package.json CaloriesCounter@1.0.0 No description
6 warn package.json CaloriesCounter@1.0.0 No repository field.
7 warn package.json CaloriesCounter@1.0.0 No README data
8 verbose readDependencies using package.json deps
9 verbose cache add [ 'browserifify', null ]
10 verbose cache add name=undefined spec="browserifify" args=["browserifify",null]
11 verbose parsed url { protocol: null,
11 verbose parsed url   slashes: null,
11 verbose parsed url   auth: null,
11 verbose parsed url   host: null,
11 verbose parsed url   port: null,
11 verbose parsed url   hostname: null,
11 verbose parsed url   hash: null,
11 verbose parsed url   search: null,
11 verbose parsed url   query: null,
11 verbose parsed url   pathname: 'browserifify',
11 verbose parsed url   path: 'browserifify',
11 verbose parsed url   href: 'browserifify' }
12 silly lockFile 9913f7cf-browserifify browserifify
13 verbose lock browserifify /home/gmmoraes/.npm/9913f7cf-browserifify.lock
14 silly lockFile 9913f7cf-browserifify browserifify
15 silly lockFile 9913f7cf-browserifify browserifify
16 verbose addNamed [ 'browserifify', '' ]
17 verbose addNamed [ null, '*' ]
18 silly lockFile 65f705f9-browserifify browserifify@
19 verbose lock browserifify@ /home/gmmoraes/.npm/65f705f9-browserifify.lock
20 silly addNameRange { name: 'browserifify', range: '*', hasData: false }
21 verbose request where is /browserifify
22 verbose request registry https://registry.npmjs.org/
23 verbose request id ffab132e2284e2b2
24 verbose url raw /browserifify
25 verbose url resolving [ 'https://registry.npmjs.org/', './browserifify' ]
26 verbose url resolved https://registry.npmjs.org/browserifify
27 verbose request where is https://registry.npmjs.org/browserifify
28 info trying registry request attempt 1 at 18:08:33
29 http GET https://registry.npmjs.org/browserifify
30 http 404 https://registry.npmjs.org/browserifify
31 silly registry.get cb [ 404,
31 silly registry.get   { 'content-type': 'application/json',
31 silly registry.get     'cache-control': 'max-age=0',
31 silly registry.get     'content-length': '2',
31 silly registry.get     'accept-ranges': 'bytes',
31 silly registry.get     date: 'Sun, 13 Mar 2016 21:08:33 GMT',
31 silly registry.get     via: '1.1 varnish',
31 silly registry.get     age: '0',
31 silly registry.get     connection: 'keep-alive',
31 silly registry.get     'x-served-by': 'cache-atl6240-ATL',
31 silly registry.get     'x-cache': 'MISS',
31 silly registry.get     'x-cache-hits': '0',
31 silly registry.get     'x-timer': 'S1457903313.709535,VS0,VE131' } ]
32 silly lockFile 65f705f9-browserifify browserifify@
33 silly lockFile 65f705f9-browserifify browserifify@
34 error 404 Not Found
34 error 404
34 error 404 'browserifify' is not in the npm registry.
34 error 404 You should bug the author to publish it
34 error 404 It was specified as a dependency of 'CaloriesCounter'
34 error 404
34 error 404 Note that you can also install from a
34 error 404 tarball, folder, or http url, or git url.
35 error System Linux 3.13.0-24-generic
36 error command "/usr/bin/node" "/usr/bin/npm" "install" "browserifify" "--save-dev"
37 error cwd /home/gmmoraes/jquery/CaloriesCounter
38 error node -v v0.10.37
39 error npm -v 1.4.28
40 error code E404
41 verbose exit [ 1, true ]
